2019-06-13 14:13:54.7978|INFO|Microsoft.AspNetCore.DataProtection.KeyManagement.XmlKeyManager|User profile is available. Using 'C:\Users\weichengheng\AppData\Local\ASP.NET\DataProtection-Keys' as key repository and Windows DPAPI to encrypt keys at rest.
2019-06-13 14:14:05.3628|INFO|Microsoft.AspNetCore.Hosting.Internal.WebHost|Request starting HTTP/1.1 GET http://localhost:5001/  
2019-06-13 14:14:05.4428|INFO|Microsoft.AspNetCore.Mvc.Internal.ControllerActionInvoker|Route matched with {action = "Index", controller = "Home"}. Executing controller action with signature Microsoft.AspNetCore.Mvc.IActionResult Index() on controller Ken.Tutorial.Web.Controllers.HomeController (Ken.Tutorial.Web).
2019-06-13 14:14:05.4508|INFO|Microsoft.AspNetCore.Mvc.Internal.ControllerActionInvoker|Executing action method Ken.Tutorial.Web.Controllers.HomeController.Index (Ken.Tutorial.Web) - Validation state: Valid
2019-06-13 14:14:05.4508|INFO|Ken.Tutorial.Web.Controllers.HomeController|----
info>>hello world
----
2019-06-13 14:14:05.4938|INFO|Microsoft.AspNetCore.Mvc.Internal.ControllerActionInvoker|Executed action method Ken.Tutorial.Web.Controllers.HomeController.Index (Ken.Tutorial.Web), returned result Microsoft.AspNetCore.Mvc.ViewResult in 40.041ms.
2019-06-13 14:14:05.5098|INFO|Microsoft.AspNetCore.Mvc.ViewFeatures.ViewResultExecutor|Executing ViewResult, running view Index.
2019-06-13 14:14:05.5778|INFO|Microsoft.AspNetCore.Mvc.ViewFeatures.ViewResultExecutor|Executed ViewResult - view Index executed in 77.5754ms.
2019-06-13 14:14:05.5778|INFO|Microsoft.AspNetCore.Mvc.Internal.ControllerActionInvoker|Executed action Ken.Tutorial.Web.Controllers.HomeController.Index (Ken.Tutorial.Web) in 134.441ms
2019-06-13 14:14:05.5778|INFO|Microsoft.AspNetCore.Hosting.Internal.WebHost|Request finished in 222.1869ms 200 text/html; charset=utf-8
2019-06-13 14:14:36.8598|INFO|Microsoft.AspNetCore.DataProtection.KeyManagement.XmlKeyManager|User profile is available. Using 'C:\Users\weichengheng\AppData\Local\ASP.NET\DataProtection-Keys' as key repository and Windows DPAPI to encrypt keys at rest.
2019-06-13 14:14:56.4298|INFO|Microsoft.AspNetCore.Hosting.Internal.WebHost|Request starting HTTP/1.1 GET http://localhost:5001/  
2019-06-13 14:14:56.5158|INFO|Microsoft.AspNetCore.Mvc.Internal.ControllerActionInvoker|Route matched with {action = "Index", controller = "Home"}. Executing controller action with signature Microsoft.AspNetCore.Mvc.IActionResult Index() on controller Ken.Tutorial.Web.Controllers.HomeController (Ken.Tutorial.Web).
2019-06-13 14:14:56.5238|INFO|Microsoft.AspNetCore.Mvc.Internal.ControllerActionInvoker|Executing action method Ken.Tutorial.Web.Controllers.HomeController.Index (Ken.Tutorial.Web) - Validation state: Valid
2019-06-13 14:14:56.5238|INFO|Ken.Tutorial.Web.Controllers.HomeController|----
info>>hello world
----
2019-06-13 14:14:56.5648|INFO|Microsoft.AspNetCore.Mvc.Internal.ControllerActionInvoker|Executed action method Ken.Tutorial.Web.Controllers.HomeController.Index (Ken.Tutorial.Web), returned result Microsoft.AspNetCore.Mvc.ViewResult in 38.7908ms.
2019-06-13 14:14:56.5818|INFO|Microsoft.AspNetCore.Mvc.ViewFeatures.ViewResultExecutor|Executing ViewResult, running view Index.
2019-06-13 14:14:56.6618|INFO|Microsoft.AspNetCore.Mvc.ViewFeatures.ViewResultExecutor|Executed ViewResult - view Index executed in 89.38ms.
2019-06-13 14:14:56.6618|INFO|Microsoft.AspNetCore.Mvc.Internal.ControllerActionInvoker|Executed action Ken.Tutorial.Web.Controllers.HomeController.Index (Ken.Tutorial.Web) in 146.0876ms
2019-06-13 14:14:56.6688|INFO|Microsoft.AspNetCore.Hosting.Internal.WebHost|Request finished in 239.0274ms 200 text/html; charset=utf-8
